[ActiveJob] Enqueued ActionMailer::DeliveryJob (Job ID: 5bbc786d-efb6-4464-a586-10c7408594fa) to 
Async(mailers) with arguments: "CronMailer", "pending_requests", "deliver_now"
Running via Spring preloader in process 16465
[ActiveJob] [ActionMailer::DeliveryJob] [255f83fd-6768-4902-a274-c7d204521b32] Performing ActionMailer::DeliveryJob (Job ID: 255f83fd-6768-4902-a274-c7d204521b32) from Async(mailers) with arguments: "CronMailer", "pending_requests", "deliver_now"
[ActiveJob] Enqueued ActionMailer::DeliveryJob (Job ID: 255f83fd-6768-4902-a274-c7d204521b32) to Async(mailers) with arguments: "CronMailer", "pending_requests", "deliver_now"
[ActiveJob] [ActionMailer::DeliveryJob] [255f83fd-6768-4902-a274-c7d204521b32] Performed ActionMailer::DeliveryJob (Job ID: 255f83fd-6768-4902-a274-c7d204521b32) from Async(mailers) in 0.75ms
Running via Spring preloader in process 16695
[ActiveJob] [ActionMailer::DeliveryJob] [1e52fc21-dbd3-41e8-b7c3-85a7fb54feba] Performing ActionMailer::DeliveryJob (Job ID: 1e52fc21-dbd3-41e8-b7c3-85a7fb54feba) from Async(mailers) with arguments: "CronMailer", "pending_requests", "deliver_now"
[ActiveJob] Enqueued ActionMailer::DeliveryJob (Job ID: 1e52fc21-dbd3-41e8-b7c3-85a7fb54feba) to Async(mailers) with arguments: "CronMailer", "pending_requests", "deliver_now"
[ActiveJob] [ActionMailer::DeliveryJob] [1e52fc21-dbd3-41e8-b7c3-85a7fb54feba] Performed ActionMailer::DeliveryJob (Job ID: 1e52fc21-dbd3-41e8-b7c3-85a7fb54feba) from Async(mailers) in 83.56ms
Running via Spring preloader in process 16887
[ActiveJob] [ActionMailer::DeliveryJob] [7ad3396d-ce2e-47df-8637-21c072ed04a3] Performing ActionMailer::DeliveryJob (Job ID: 7ad3396d-ce2e-47df-8637-21c072ed04a3) from Async(mailers) with arguments: "CronMailer", "pending_requests", "deliver_now"
[ActiveJob] Enqueued ActionMailer::DeliveryJob (Job ID: 7ad3396d-ce2e-47df-8637-21c072ed04a3) to Async(mailers) with arguments: "CronMailer", "pending_requests", "deliver_now"
[ActiveJob] [ActionMailer::DeliveryJob] [7ad3396d-ce2e-47df-8637-21c072ed04a3] Performed ActionMailer::DeliveryJob (Job ID: 7ad3396d-ce2e-47df-8637-21c072ed04a3) from Async(mailers) in 829.15ms
Running via Spring preloader in process 17103
[ActiveJob] [ActionMailer::DeliveryJob] [cd534f81-6c89-4d1a-8c1b-0b44e136cc97] Performing ActionMailer::DeliveryJob (Job ID: cd534f81-6c89-4d1a-8c1b-0b44e136cc97) from Async(mailers) with arguments: "CronMailer", "pending_requests", "deliver_now"
[ActiveJob] Enqueued ActionMailer::DeliveryJob (Job ID: cd534f81-6c89-4d1a-8c1b-0b44e136cc97) to Async(mailers) with arguments: "CronMailer", "pending_requests", "deliver_now"
[ActiveJob] [ActionMailer::DeliveryJob] [cd534f81-6c89-4d1a-8c1b-0b44e136cc97] Performed ActionMailer::DeliveryJob (Job ID: cd534f81-6c89-4d1a-8c1b-0b44e136cc97) from Async(mailers) in 439.62ms
Running via Spring preloader in process 17387
[ActiveJob] Enqueued ActionMailer::DeliveryJob (Job ID: 40be873a-64a9-49f7-b355-ecd4c58182fc) to Async(mailers) with arguments: "CronMailer", "pending_requests", "deliver_now"
Running via Spring preloader in process 17572
[ActiveJob] [ActionMailer::DeliveryJob] [acfe64f8-2fdd-4da9-930a-3424dcd92bad] Performing ActionMailer::DeliveryJob (Job ID: acfe64f8-2fdd-4da9-930a-3424dcd92bad) from Async(mailers) with arguments: "CronMailer", "pending_requests", "deliver_now"
[ActiveJob] Enqueued ActionMailer::DeliveryJob (Job ID: acfe64f8-2fdd-4da9-930a-3424dcd92bad) to Async(mailers) with arguments: "CronMailer", "pending_requests", "deliver_now"
[ActiveJob] [ActionMailer::DeliveryJob] [acfe64f8-2fdd-4da9-930a-3424dcd92bad] Performed ActionMailer::DeliveryJob (Job ID: acfe64f8-2fdd-4da9-930a-3424dcd92bad) from Async(mailers) in 1.12ms
Running via Spring preloader in process 17770
[ActiveJob] [ActionMailer::DeliveryJob] [d6996bb3-0f2b-445e-a51b-85ebfd19232c] Performing ActionMailer::DeliveryJob (Job ID: d6996bb3-0f2b-445e-a51b-85ebfd19232c) from Async(mailers) with arguments: "CronMailer", "pending_requests", "deliver_now"
[ActiveJob] Enqueued ActionMailer::DeliveryJob (Job ID: d6996bb3-0f2b-445e-a51b-85ebfd19232c) to Async(mailers) with arguments: "CronMailer", "pending_requests", "deliver_now"
[ActiveJob] [ActionMailer::DeliveryJob] [d6996bb3-0f2b-445e-a51b-85ebfd19232c] Performed ActionMailer::DeliveryJob (Job ID: d6996bb3-0f2b-445e-a51b-85ebfd19232c) from Async(mailers) in 0.47ms
Running via Spring preloader in process 17947
[ActiveJob] [ActionMailer::DeliveryJob] [4b7fc208-6ff0-45fc-9ae9-c481e3b8a04e] Performing ActionMailer::DeliveryJob (Job ID: 4b7fc208-6ff0-45fc-9ae9-c481e3b8a04e) from Async(mailers) with arguments: "CronMailer", "pending_requests", "deliver_now"
[ActiveJob] Enqueued ActionMailer::DeliveryJob (Job ID: 4b7fc208-6ff0-45fc-9ae9-c481e3b8a04e) to Async(mailers) with arguments: "CronMailer", "pending_requests", "deliver_now"
[ActiveJob] [ActionMailer::DeliveryJob] [4b7fc208-6ff0-45fc-9ae9-c481e3b8a04e] Performed ActionMailer::DeliveryJob (Job ID: 4b7fc208-6ff0-45fc-9ae9-c481e3b8a04e) from Async(mailers) in 0.94ms
Running via Spring preloader in process 18174
[ActiveJob] [ActionMailer::DeliveryJob] [0cce5c19-da63-442b-8552-43a59725f0c6] Performing ActionMailer::DeliveryJob (Job ID: 0cce5c19-da63-442b-8552-43a59725f0c6) from Async(mailers) with arguments: "CronMailer", "pending_requests", "deliver_now"
[ActiveJob] Enqueued ActionMailer::DeliveryJob (Job ID: 0cce5c19-da63-442b-8552-43a59725f0c6) to Async(mailers) with arguments: "CronMailer", "pending_requests", "deliver_now"
[ActiveJob] [ActionMailer::DeliveryJob] [0cce5c19-da63-442b-8552-43a59725f0c6] Performed ActionMailer::DeliveryJob (Job ID: 0cce5c19-da63-442b-8552-43a59725f0c6) from Async(mailers) in 2.31ms
Running via Spring preloader in process 18374
Running via Spring preloader in process 18651
Please specify a valid ruby command or the path of a script to run.
Run 'bin/rails runner -h' for help.

uninitialized constant Rails::Command::RunnerCommand::Request
[ActiveJob] [ActionMailer::DeliveryJob] [b2f1774a-4d2b-48d3-b515-c487b8b0d79e] Performing ActionMailer::DeliveryJob (Job ID: b2f1774a-4d2b-48d3-b515-c487b8b0d79e) from Async(mailers) with arguments: "CronMailer", "pending_requests", "deliver_now"
[ActiveJob] Enqueued ActionMailer::DeliveryJob (Job ID: b2f1774a-4d2b-48d3-b515-c487b8b0d79e) to Async(mailers) with arguments: "CronMailer", "pending_requests", "deliver_now"
[ActiveJob] [ActionMailer::DeliveryJob] [b2f1774a-4d2b-48d3-b515-c487b8b0d79e] Performed ActionMailer::DeliveryJob (Job ID: b2f1774a-4d2b-48d3-b515-c487b8b0d79e) from Async(mailers) in 0.55ms
Running via Spring preloader in process 18851
[ActiveJob] Enqueued ActionMailer::DeliveryJob (Job ID: 1f19ae99-90b0-4c0d-8028-d8b06aca4b6c) to Async(mailers) with arguments: "CronMailer", "pending_requests", "deliver_now"
Running via Spring preloader in process 19207
[ActiveJob] [ActionMailer::DeliveryJob] [6e699c2f-5058-431b-abda-e3fa51931c78] Performing ActionMailer::DeliveryJob (Job ID: 6e699c2f-5058-431b-abda-e3fa51931c78) from Async(mailers) with arguments: "CronMailer", "pending_requests", "deliver_now"
[ActiveJob] Enqueued ActionMailer::DeliveryJob (Job ID: 6e699c2f-5058-431b-abda-e3fa51931c78) to Async(mailers) with arguments: "CronMailer", "pending_requests", "deliver_now"
[ActiveJob] [ActionMailer::DeliveryJob] [6e699c2f-5058-431b-abda-e3fa51931c78] Performed ActionMailer::DeliveryJob (Job ID: 6e699c2f-5058-431b-abda-e3fa51931c78) from Async(mailers) in 0.51ms
Running via Spring preloader in process 19393
[ActiveJob] [ActionMailer::DeliveryJob] [ebb5ee6a-7af8-4d00-83da-08e64c6617e3] Performing ActionMailer::DeliveryJob (Job ID: ebb5ee6a-7af8-4d00-83da-08e64c6617e3) from Async(mailers) with arguments: "CronMailer", "pending_requests", "deliver_now"
[ActiveJob] Enqueued ActionMailer::DeliveryJob (Job ID: ebb5ee6a-7af8-4d00-83da-08e64c6617e3) to Async(mailers) with arguments: "CronMailer", "pending_requests", "deliver_now"
[ActiveJob] [ActionMailer::DeliveryJob] [ebb5ee6a-7af8-4d00-83da-08e64c6617e3] Performed ActionMailer::DeliveryJob (Job ID: ebb5ee6a-7af8-4d00-83da-08e64c6617e3) from Async(mailers) in 0.54ms
Running via Spring preloader in process 19584
[ActiveJob] [ActionMailer::DeliveryJob] [5162eded-818c-4ea8-a1b6-20b2e93e575d] Performing ActionMailer::DeliveryJob (Job ID: 5162eded-818c-4ea8-a1b6-20b2e93e575d) from Async(mailers) with arguments: "CronMailer", "pending_requests", "deliver_now"
[ActiveJob] Enqueued ActionMailer::DeliveryJob (Job ID: 5162eded-818c-4ea8-a1b6-20b2e93e575d) to Async(mailers) with arguments: "CronMailer", "pending_requests", "deliver_now"
[ActiveJob] [ActionMailer::DeliveryJob] [5162eded-818c-4ea8-a1b6-20b2e93e575d] Performed ActionMailer::DeliveryJob (Job ID: 5162eded-818c-4ea8-a1b6-20b2e93e575d) from Async(mailers) in 4684.37ms
Running via Spring preloader in process 1425
[ActiveJob] [ActionMailer::DeliveryJob] [027a57f9-f6ab-427a-bccd-d0ea291e9c9b] Performing ActionMailer::DeliveryJob (Job ID: 027a57f9-f6ab-427a-bccd-d0ea291e9c9b) from Async(mailers) with arguments: "CronMailer", "pending_requests", "deliver_now"
[ActiveJob] Enqueued ActionMailer::DeliveryJob (Job ID: 027a57f9-f6ab-427a-bccd-d0ea291e9c9b) to Async(mailers) with arguments: "CronMailer", "pending_requests", "deliver_now"
[ActiveJob] [ActionMailer::DeliveryJob] [027a57f9-f6ab-427a-bccd-d0ea291e9c9b] Performed ActionMailer::DeliveryJob (Job ID: 027a57f9-f6ab-427a-bccd-d0ea291e9c9b) from Async(mailers) in 0.47ms
Running via Spring preloader in process 1677
[ActiveJob] [ActionMailer::DeliveryJob] [cfc525d2-14d1-4c19-9b57-288c2dca2e17] Performing ActionMailer::DeliveryJob (Job ID: cfc525d2-14d1-4c19-9b57-288c2dca2e17) from Async(mailers) with arguments: "CronMailer", "pending_requests", "deliver_now"
[ActiveJob] Enqueued ActionMailer::DeliveryJob (Job ID: cfc525d2-14d1-4c19-9b57-288c2dca2e17) to Async(mailers) with arguments: "CronMailer", "pending_requests", "deliver_now"
[ActiveJob] [ActionMailer::DeliveryJob] [cfc525d2-14d1-4c19-9b57-288c2dca2e17] Performed ActionMailer::DeliveryJob (Job ID: cfc525d2-14d1-4c19-9b57-288c2dca2e17) from Async(mailers) in 353.95ms
Running via Spring preloader in process 1858
[ActiveJob] [ActionMailer::DeliveryJob] [c0aa3c0a-20c1-4208-af28-90a560f741ee] Performing ActionMailer::DeliveryJob (Job ID: c0aa3c0a-20c1-4208-af28-90a560f741ee) from Async(mailers) with arguments: "CronMailer", "pending_requests", "deliver_now"
[ActiveJob] Enqueued ActionMailer::DeliveryJob (Job ID: c0aa3c0a-20c1-4208-af28-90a560f741ee) to Async(mailers) with arguments: "CronMailer", "pending_requests", "deliver_now"
[ActiveJob] [ActionMailer::DeliveryJob] [c0aa3c0a-20c1-4208-af28-90a560f741ee] Performed ActionMailer::DeliveryJob (Job ID: c0aa3c0a-20c1-4208-af28-90a560f741ee) from Async(mailers) in 370.89ms
Running via Spring preloader in process 2089
[ActiveJob] [ActionMailer::DeliveryJob] [e33a68b3-b741-4b5b-b29b-a91e754b2054] Performing ActionMailer::DeliveryJob (Job ID: e33a68b3-b741-4b5b-b29b-a91e754b2054) from Async(mailers) with arguments: "CronMailer", "pending_requests", "deliver_now"
[ActiveJob] Enqueued ActionMailer::DeliveryJob (Job ID: e33a68b3-b741-4b5b-b29b-a91e754b2054) to Async(mailers) with arguments: "CronMailer", "pending_requests", "deliver_now"
[ActiveJob] [ActionMailer::DeliveryJob] [e33a68b3-b741-4b5b-b29b-a91e754b2054] Performed ActionMailer::DeliveryJob (Job ID: e33a68b3-b741-4b5b-b29b-a91e754b2054) from Async(mailers) in 365.28ms
Running via Spring preloader in process 2389
[ActiveJob] Enqueued ActionMailer::DeliveryJob (Job ID: 13d50496-9de7-49ea-bdca-4b61688d5d65) to Async(mailers) with arguments: "CronMailer", "pending_requests", "deliver_now"
Running via Spring preloader in process 2816
[ActiveJob] [ActionMailer::DeliveryJob] [d740e053-80c3-4fe4-8d30-293842d5bd1a] Performing ActionMailer::DeliveryJob (Job ID: d740e053-80c3-4fe4-8d30-293842d5bd1a) from Async(mailers) with arguments: "CronMailer", "pending_requests", "deliver_now"
[ActiveJob] Enqueued ActionMailer::DeliveryJob (Job ID: d740e053-80c3-4fe4-8d30-293842d5bd1a) to Async(mailers) with arguments: "CronMailer", "pending_requests", "deliver_now"
[ActiveJob] [ActionMailer::DeliveryJob] [d740e053-80c3-4fe4-8d30-293842d5bd1a] Performed ActionMailer::DeliveryJob (Job ID: d740e053-80c3-4fe4-8d30-293842d5bd1a) from Async(mailers) in 0.47ms
Running via Spring preloader in process 3107
[ActiveJob] [ActionMailer::DeliveryJob] [58f32cd7-823c-40c6-9bb3-463451cc72ff] Performing ActionMailer::DeliveryJob (Job ID: 58f32cd7-823c-40c6-9bb3-463451cc72ff) from Async(mailers) with arguments: "CronMailer", "pending_requests", "deliver_now"
[ActiveJob] Enqueued ActionMailer::DeliveryJob (Job ID: 58f32cd7-823c-40c6-9bb3-463451cc72ff) to Async(mailers) with arguments: "CronMailer", "pending_requests", "deliver_now"
[ActiveJob] [ActionMailer::DeliveryJob] [58f32cd7-823c-40c6-9bb3-463451cc72ff] Performed ActionMailer::DeliveryJob (Job ID: 58f32cd7-823c-40c6-9bb3-463451cc72ff) from Async(mailers) in 0.53ms
Running via Spring preloader in process 3531
[ActiveJob] [ActionMailer::DeliveryJob] [791653b7-a588-40bb-88c2-9a37eb1902f1] Performing ActionMailer::DeliveryJob (Job ID: 791653b7-a588-40bb-88c2-9a37eb1902f1) from Async(mailers) with arguments: "CronMailer", "pending_requests", "deliver_now"
[ActiveJob] Enqueued ActionMailer::DeliveryJob (Job ID: 791653b7-a588-40bb-88c2-9a37eb1902f1) to Async(mailers) with arguments: "CronMailer", "pending_requests", "deliver_now"
[ActiveJob] [ActionMailer::DeliveryJob] [791653b7-a588-40bb-88c2-9a37eb1902f1] Performed ActionMailer::DeliveryJob (Job ID: 791653b7-a588-40bb-88c2-9a37eb1902f1) from Async(mailers) in 624.09ms
Running via Spring preloader in process 3708
[ActiveJob] [ActionMailer::DeliveryJob] [299c1b2a-259d-4607-b73f-db3b1b9e085b] Performing ActionMailer::DeliveryJob (Job ID: 299c1b2a-259d-4607-b73f-db3b1b9e085b) from Async(mailers) with arguments: "CronMailer", "pending_requests", "deliver_now"
[ActiveJob] Enqueued ActionMailer::DeliveryJob (Job ID: 299c1b2a-259d-4607-b73f-db3b1b9e085b) to Async(mailers) with arguments: "CronMailer", "pending_requests", "deliver_now"
[ActiveJob] [ActionMailer::DeliveryJob] [299c1b2a-259d-4607-b73f-db3b1b9e085b] Performed ActionMailer::DeliveryJob (Job ID: 299c1b2a-259d-4607-b73f-db3b1b9e085b) from Async(mailers) in 6.0ms
Running via Spring preloader in process 4086
[ActiveJob] [ActionMailer::DeliveryJob] [b1bcbe30-6438-429c-aad7-180d91b8c905] Performing ActionMailer::DeliveryJob (Job ID: b1bcbe30-6438-429c-aad7-180d91b8c905) from Async(mailers) with arguments: "CronMailer", "pending_requests", "deliver_now"
[ActiveJob] Enqueued ActionMailer::DeliveryJob (Job ID: b1bcbe30-6438-429c-aad7-180d91b8c905) to Async(mailers) with arguments: "CronMailer", "pending_requests", "deliver_now"
[ActiveJob] [ActionMailer::DeliveryJob] [b1bcbe30-6438-429c-aad7-180d91b8c905] Performed ActionMailer::DeliveryJob (Job ID: b1bcbe30-6438-429c-aad7-180d91b8c905) from Async(mailers) in 2.72ms
Running via Spring preloader in process 4316
[ActiveJob] [ActionMailer::DeliveryJob] [c3f0bf68-fdbb-4568-b2f4-2b1126d0475b] Performing ActionMailer::DeliveryJob (Job ID: c3f0bf68-fdbb-4568-b2f4-2b1126d0475b) from Async(mailers) with arguments: "CronMailer", "pending_requests", "deliver_now"
[ActiveJob] Enqueued ActionMailer::DeliveryJob (Job ID: c3f0bf68-fdbb-4568-b2f4-2b1126d0475b) to Async(mailers) with arguments: "CronMailer", "pending_requests", "deliver_now"
[ActiveJob] [ActionMailer::DeliveryJob] [c3f0bf68-fdbb-4568-b2f4-2b1126d0475b] Performed ActionMailer::DeliveryJob (Job ID: c3f0bf68-fdbb-4568-b2f4-2b1126d0475b) from Async(mailers) in 0.71ms
Running via Spring preloader in process 4674
[ActiveJob] [ActionMailer::DeliveryJob] [66d0e091-4364-4d51-b92e-5b89b0421d1f] Performing ActionMailer::DeliveryJob (Job ID: 66d0e091-4364-4d51-b92e-5b89b0421d1f) from Async(mailers) with arguments: "CronMailer", "pending_requests", "deliver_now"
[ActiveJob] Enqueued ActionMailer::DeliveryJob (Job ID: 66d0e091-4364-4d51-b92e-5b89b0421d1f) to Async(mailers) with arguments: "CronMailer", "pending_requests", "deliver_now"
[ActiveJob] [ActionMailer::DeliveryJob] [66d0e091-4364-4d51-b92e-5b89b0421d1f] Performed ActionMailer::DeliveryJob (Job ID: 66d0e091-4364-4d51-b92e-5b89b0421d1f) from Async(mailers) in 2.7ms
Running via Spring preloader in process 4929
Running via Spring preloader in process 5126
Please specify a valid ruby command or the path of a script to run.
Run 'bin/rails runner -h' for help.

uninitialized constant Rails::Command::RunnerCommand::Request
Running via Spring preloader in process 5299
Please specify a valid ruby command or the path of a script to run.
Run 'bin/rails runner -h' for help.

uninitialized constant Rails::Command::RunnerCommand::Request
[ActiveJob] [ActionMailer::DeliveryJob] [39632c84-ad90-44a8-995d-6187311dac87] Performing ActionMailer::DeliveryJob (Job ID: 39632c84-ad90-44a8-995d-6187311dac87) from Async(mailers) with arguments: "CronMailer", "pending_requests", "deliver_now"
[ActiveJob] Enqueued ActionMailer::DeliveryJob (Job ID: 39632c84-ad90-44a8-995d-6187311dac87) to Async(mailers) with arguments: "CronMailer", "pending_requests", "deliver_now"
[ActiveJob] [ActionMailer::DeliveryJob] [39632c84-ad90-44a8-995d-6187311dac87] Performed ActionMailer::DeliveryJob (Job ID: 39632c84-ad90-44a8-995d-6187311dac87) from Async(mailers) in 0.48ms
Running via Spring preloader in process 5457
[ActiveJob] Enqueued ActionMailer::DeliveryJob (Job ID: 7cf62af9-2c9c-49b1-bc59-f0f12f363338) to Async(mailers) with arguments: "CronMailer", "pending_requests", "deliver_now"
Running via Spring preloader in process 5643
[ActiveJob] [ActionMailer::DeliveryJob] [ed3b339c-cb96-4094-9571-8e634ac09c6a] Performing ActionMailer::DeliveryJob (Job ID: ed3b339c-cb96-4094-9571-8e634ac09c6a) from Async(mailers) with arguments: "CronMailer", "pending_requests", "deliver_now"
[ActiveJob] Enqueued ActionMailer::DeliveryJob (Job ID: ed3b339c-cb96-4094-9571-8e634ac09c6a) to Async(mailers) with arguments: "CronMailer", "pending_requests", "deliver_now"
[ActiveJob] [ActionMailer::DeliveryJob] [ed3b339c-cb96-4094-9571-8e634ac09c6a] Performed ActionMailer::DeliveryJob (Job ID: ed3b339c-cb96-4094-9571-8e634ac09c6a) from Async(mailers) in 423.81ms
Running via Spring preloader in process 5793
[ActiveJob] Enqueued ActionMailer::DeliveryJob (Job ID: d67c80b0-2a47-48c1-b699-91e92c84fcc4) to Async(mailers) with arguments: "CronMailer", "pending_requests", "deliver_now"
Running via Spring preloader in process 6723
[ActiveJob] [ActionMailer::DeliveryJob] [1a76fcf3-d29b-4f61-baa8-97302ad0ec88] Performing ActionMailer::DeliveryJob (Job ID: 1a76fcf3-d29b-4f61-baa8-97302ad0ec88) from Async(mailers) with arguments: "CronMailer", "pending_requests", "deliver_now"
[ActiveJob] Enqueued ActionMailer::DeliveryJob (Job ID: 1a76fcf3-d29b-4f61-baa8-97302ad0ec88) to Async(mailers) with arguments: "CronMailer", "pending_requests", "deliver_now"
[ActiveJob] [ActionMailer::DeliveryJob] [1a76fcf3-d29b-4f61-baa8-97302ad0ec88] Performed ActionMailer::DeliveryJob (Job ID: 1a76fcf3-d29b-4f61-baa8-97302ad0ec88) from Async(mailers) in 352.13ms
Running via Spring preloader in process 6968
[ActiveJob] [ActionMailer::DeliveryJob] [c0cfaec3-d237-4877-ac4c-61b5e073d3d2] Performing ActionMailer::DeliveryJob (Job ID: c0cfaec3-d237-4877-ac4c-61b5e073d3d2) from Async(mailers) with arguments: "CronMailer", "pending_requests", "deliver_now"
[ActiveJob] Enqueued ActionMailer::DeliveryJob (Job ID: c0cfaec3-d237-4877-ac4c-61b5e073d3d2) to Async(mailers) with arguments: "CronMailer", "pending_requests", "deliver_now"
[ActiveJob] [ActionMailer::DeliveryJob] [c0cfaec3-d237-4877-ac4c-61b5e073d3d2] Performed ActionMailer::DeliveryJob (Job ID: c0cfaec3-d237-4877-ac4c-61b5e073d3d2) from Async(mailers) in 0.49ms
Running via Spring preloader in process 7217
[ActiveJob] [ActionMailer::DeliveryJob] [379665b8-2b71-4a19-94ae-4c1b0ffdeefe] Performing ActionMailer::DeliveryJob (Job ID: 379665b8-2b71-4a19-94ae-4c1b0ffdeefe) from Async(mailers) with arguments: "CronMailer", "pending_requests", "deliver_now"
[ActiveJob] Enqueued ActionMailer::DeliveryJob (Job ID: 379665b8-2b71-4a19-94ae-4c1b0ffdeefe) to Async(mailers) with arguments: "CronMailer", "pending_requests", "deliver_now"
[ActiveJob] [ActionMailer::DeliveryJob] [379665b8-2b71-4a19-94ae-4c1b0ffdeefe] Performed ActionMailer::DeliveryJob (Job ID: 379665b8-2b71-4a19-94ae-4c1b0ffdeefe) from Async(mailers) in 0.51ms
Running via Spring preloader in process 7388
[ActiveJob] [ActionMailer::DeliveryJob] [1aa567eb-a0df-45c9-ac6e-aee38cf1bb3e] Performing ActionMailer::DeliveryJob (Job ID: 1aa567eb-a0df-45c9-ac6e-aee38cf1bb3e) from Async(mailers) with arguments: "CronMailer", "pending_requests", "deliver_now"
[ActiveJob] Enqueued ActionMailer::DeliveryJob (Job ID: 1aa567eb-a0df-45c9-ac6e-aee38cf1bb3e) to Async(mailers) with arguments: "CronMailer", "pending_requests", "deliver_now"
[ActiveJob] [ActionMailer::DeliveryJob] [1aa567eb-a0df-45c9-ac6e-aee38cf1bb3e] Performed ActionMailer::DeliveryJob (Job ID: 1aa567eb-a0df-45c9-ac6e-aee38cf1bb3e) from Async(mailers) in 422.43ms
Running via Spring preloader in process 7651
